<?xml version="1.0" encoding="UTF-8"?>
<!-- Generated by org.testng.reporters.JUnitXMLReporter -->
<testsuite ignored="0" hostname="LAPTOP-DA4E5QSF" failures="0" tests="7" name="Test" time="170.095" errors="0" timestamp="01 Jul 2021 09:47:05 GMT">
  <testcase classname="adminpaneltestcase.Logintest" name="logintest" time="15.63"/>
  <testcase classname="adminpaneltestcase.Logintest" name="verifylogo" time="0.197"/>
  <testcase classname="adminpaneltestcase.Logintest" name="verifytitle" time="0.037"/>
  <testcase classname="adminpaneltestcase.dashboardtest" name="dashtest" time="15.136"/>
  <testcase classname="adminpaneltestcase.frontofficetest" name="visitorpage" time="4.182"/>
  <testcase classname="adminpaneltestcase.visitortest" name="addvisitorclick" time="0.276"/>
  <testcase classname="adminpaneltestcase.visitortest" name="enterfield" time="9.337"/>
</testsuite> <!-- Test -->
