<?xml version="1.0" encoding="UTF-8"?>
<testng-results ignored="0" total="2" passed="2" failed="0" skipped="0">
  <reporter-output>
  </reporter-output>
  <suite started-at="2021-07-01T19:02:55Z" name="Default suite" finished-at="2021-07-01T19:03:51Z" duration-ms="56165">
    <groups>
    </groups>
    <test started-at="2021-07-01T19:02:55Z" name="Default test" finished-at="2021-07-01T19:03:51Z" duration-ms="56165">
      <class name="adminpaneltestcase.pharmacytest">
        <test-method is-config="true" signature="setup()[pri:0, instance:adminpaneltestcase.pharmacytest@742ff096]" started-at="2021-07-02T00:32:55Z" name="setup" finished-at="2021-07-02T00:33:21Z" duration-ms="26565" status="PASS">
          <reporter-output>
          </reporter-output>
        </test-method> <!-- setup -->
        <test-method signature="billbuttonclick()[pri:0, instance:adminpaneltestcase.pharmacytest@742ff096]" started-at="2021-07-02T00:33:21Z" name="billbuttonclick" finished-at="2021-07-02T00:33:25Z" duration-ms="3582" status="PASS">
          <reporter-output>
          </reporter-output>
        </test-method> <!-- billbuttonclick -->
        <test-method is-config="true" signature="teardown()[pri:0, instance:adminpaneltestcase.pharmacytest@742ff096]" started-at="2021-07-02T00:33:25Z" name="teardown" finished-at="2021-07-02T00:33:25Z" duration-ms="143" status="PASS">
          <reporter-output>
          </reporter-output>
        </test-method> <!-- teardown -->
        <test-method is-config="true" signature="setup()[pri:0, instance:adminpaneltestcase.pharmacytest@742ff096]" started-at="2021-07-02T00:33:26Z" name="setup" finished-at="2021-07-02T00:33:49Z" duration-ms="23335" status="PASS">
          <reporter-output>
          </reporter-output>
        </test-method> <!-- setup -->
        <test-method signature="enterfields([Ljava.lang.String;)[pri:0, instance:adminpaneltestcase.pharmacytest@742ff096]" started-at="2021-07-02T00:33:49Z" name="enterfields" data-provider="getphardata" finished-at="2021-07-02T00:33:51Z" duration-ms="1574" status="PASS">
          <params>
            <param index="0">
              <value>
                <![CDATA[[Ljava.lang.String;@2dddc1b9]]>
              </value>
            </param>
          </params>
          <reporter-output>
          </reporter-output>
        </test-method> <!-- enterfields -->
        <test-method is-config="true" signature="teardown()[pri:0, instance:adminpaneltestcase.pharmacytest@742ff096]" started-at="2021-07-02T00:33:51Z" name="teardown" finished-at="2021-07-02T00:33:51Z" duration-ms="152" status="PASS">
          <reporter-output>
          </reporter-output>
        </test-method> <!-- teardown -->
      </class> <!-- adminpaneltestcase.pharmacytest -->
    </test> <!-- Default test -->
  </suite> <!-- Default suite -->
</testng-results>
